<?xml version="1.0" encoding="UTF-8"?>
<!-- Generated by org.testng.reporters.JUnitXMLReporter -->
<testsuite ignored="0" hostname="Isrars-MacBook-Pro.local" failures="0" tests="2" name="Default test" time="16.376" errors="0" timestamp="2025-06-15T03:57:52 IST">
  <testcase classname="io.cucumber.testng.AbstractTestNGCucumberTests" name="runScenario" time="1.671"/>
  <testcase classname="io.cucumber.testng.AbstractTestNGCucumberTests" name="runScenario" time="14.487"/>
</testsuite> <!-- Default test -->
