<?xml version="1.0" encoding="UTF-8"?>
<!-- Generated by org.testng.reporters.JUnitXMLReporter -->
<testsuite ignored="0" hostname="Isrars-MacBook-Pro.local" failures="0" tests="2" name="Error Validations Test" time="25.353" errors="0" timestamp="2025-06-15T04:18:18 IST">
  <testcase classname="SeleniumFramework.Tests.ErrorValidationsTest" name="loginErrorValidation" time="0.28"/>
  <testcase classname="SeleniumFramework.Tests.ErrorValidationsTest" name="productErrorValidation" time="22.153"/>
</testsuite> <!-- Error Validations Test -->
