<?xml version="1.0" encoding="UTF-8"?>
<!-- Generated by org.testng.reporters.JUnitXMLReporter -->
<testsuite ignored="0" hostname="Isrars-MacBook-Pro.local" failures="0" tests="3" name="Submit Order Test" time="32.146" errors="0" timestamp="2025-06-15T04:18:25 IST">
  <testcase classname="SeleniumFramework.Tests.SubmitOrderTest" name="SubmitOrder" time="12.697"/>
  <testcase classname="SeleniumFramework.Tests.SubmitOrderTest" name="SubmitOrder" time="12.813"/>
  <testcase classname="SeleniumFramework.Tests.SubmitOrderTest" name="orderHistoryTest" time="0.378"/>
</testsuite> <!-- Submit Order Test -->
