<?xml version="1.0" encoding="UTF-8"?>
<testng-results ignored="0" total="5" passed="5" failed="0" skipped="0">
  <reporter-output>
  </reporter-output>
  <suite started-at="2025-06-15T04:17:52 IST" name="Suite" finished-at="2025-06-15T04:18:25 IST" duration-ms="32146">
    <groups>
      <group name="ErrorHandling">
        <method signature="ErrorValidationsTest.loginErrorValidation()[pri:0, instance:SeleniumFramework.Tests.ErrorValidationsTest@183ec003]" name="loginErrorValidation" class="SeleniumFramework.Tests.ErrorValidationsTest"/>
      </group> <!-- ErrorHandling -->
      <group name="Purchase">
        <method signature="SubmitOrderTest.SubmitOrder(java.util.HashMap)[pri:0, instance:SeleniumFramework.Tests.SubmitOrderTest@738dc9b]" name="SubmitOrder" class="SeleniumFramework.Tests.SubmitOrderTest"/>
      </group> <!-- Purchase -->
    </groups>
    <test started-at="2025-06-15T04:17:52 IST" name="Error Validations Test" finished-at="2025-06-15T04:18:18 IST" duration-ms="25353">
      <class name="SeleniumFramework.Tests.ErrorValidationsTest">
        <test-method is-config="true" signature="launchApplication()[pri:0, instance:SeleniumFramework.Tests.ErrorValidationsTest@183ec003]" started-at="2025-06-15T04:17:52 IST" name="launchApplication" finished-at="2025-06-15T04:17:54 IST" duration-ms="1663" status="PASS">
          <reporter-output>
          </reporter-output>
        </test-method> <!-- launchApplication -->
        <test-method signature="loginErrorValidation()[pri:0, instance:SeleniumFramework.Tests.ErrorValidationsTest@183ec003]" started-at="2025-06-15T04:17:54 IST" name="loginErrorValidation" finished-at="2025-06-15T04:17:54 IST" duration-ms="280" status="PASS">
          <reporter-output>
          </reporter-output>
        </test-method> <!-- loginErrorValidation -->
        <test-method is-config="true" signature="tearDown()[pri:0, instance:SeleniumFramework.Tests.ErrorValidationsTest@183ec003]" started-at="2025-06-15T04:17:54 IST" name="tearDown" finished-at="2025-06-15T04:17:54 IST" duration-ms="61" status="PASS">
          <reporter-output>
          </reporter-output>
        </test-method> <!-- tearDown -->
        <test-method is-config="true" signature="launchApplication()[pri:0, instance:SeleniumFramework.Tests.ErrorValidationsTest@183ec003]" started-at="2025-06-15T04:17:54 IST" name="launchApplication" finished-at="2025-06-15T04:17:56 IST" duration-ms="1106" status="PASS">
          <reporter-output>
          </reporter-output>
        </test-method> <!-- launchApplication -->
        <test-method signature="productErrorValidation()[pri:0, instance:SeleniumFramework.Tests.ErrorValidationsTest@183ec003]" started-at="2025-06-15T04:17:56 IST" name="productErrorValidation" finished-at="2025-06-15T04:18:18 IST" duration-ms="22153" status="PASS">
          <reporter-output>
          </reporter-output>
        </test-method> <!-- productErrorValidation -->
        <test-method is-config="true" signature="tearDown()[pri:0, instance:SeleniumFramework.Tests.ErrorValidationsTest@183ec003]" started-at="2025-06-15T04:18:18 IST" name="tearDown" finished-at="2025-06-15T04:18:18 IST" duration-ms="72" status="PASS">
          <reporter-output>
          </reporter-output>
        </test-method> <!-- tearDown -->
      </class> <!-- SeleniumFramework.Tests.ErrorValidationsTest -->
    </test> <!-- Error Validations Test -->
    <test started-at="2025-06-15T04:17:52 IST" name="Submit Order Test" finished-at="2025-06-15T04:18:25 IST" duration-ms="32146">
      <class name="SeleniumFramework.Tests.SubmitOrderTest">
        <test-method is-config="true" signature="launchApplication()[pri:0, instance:SeleniumFramework.Tests.SubmitOrderTest@738dc9b]" started-at="2025-06-15T04:17:52 IST" name="launchApplication" finished-at="2025-06-15T04:17:54 IST" duration-ms="1660" status="PASS">
          <reporter-output>
          </reporter-output>
        </test-method> <!-- launchApplication -->
        <test-method signature="SubmitOrder(java.util.HashMap)[pri:0, instance:SeleniumFramework.Tests.SubmitOrderTest@738dc9b]" started-at="2025-06-15T04:17:54 IST" name="SubmitOrder" data-provider="getData" finished-at="2025-06-15T04:18:07 IST" duration-ms="12697" status="PASS">
          <params>
            <param index="0">
              <value>
                <![CDATA[{Product=ZARA COAT 3, password=MorningStar@666, email=LuciferMorningStar@gmail.com}]]>
              </value>
            </param>
          </params>
          <reporter-output>
          </reporter-output>
        </test-method> <!-- SubmitOrder -->
        <test-method is-config="true" signature="tearDown()[pri:0, instance:SeleniumFramework.Tests.SubmitOrderTest@738dc9b]" started-at="2025-06-15T04:18:07 IST" name="tearDown" finished-at="2025-06-15T04:18:07 IST" duration-ms="60" status="PASS">
          <reporter-output>
          </reporter-output>
        </test-method> <!-- tearDown -->
        <test-method is-config="true" signature="launchApplication()[pri:0, instance:SeleniumFramework.Tests.SubmitOrderTest@738dc9b]" started-at="2025-06-15T04:18:07 IST" name="launchApplication" finished-at="2025-06-15T04:18:09 IST" duration-ms="2147" status="PASS">
          <reporter-output>
          </reporter-output>
        </test-method> <!-- launchApplication -->
        <test-method signature="SubmitOrder(java.util.HashMap)[pri:0, instance:SeleniumFramework.Tests.SubmitOrderTest@738dc9b]" started-at="2025-06-15T04:18:09 IST" name="SubmitOrder" data-provider="getData" finished-at="2025-06-15T04:18:22 IST" duration-ms="12813" status="PASS">
          <params>
            <param index="0">
              <value>
                <![CDATA[{Product=ADIDAS ORIGINAL, password=MorningStar@666, email=LuciferMorningStar02@gmail.com}]]>
              </value>
            </param>
          </params>
          <reporter-output>
          </reporter-output>
        </test-method> <!-- SubmitOrder -->
        <test-method is-config="true" signature="tearDown()[pri:0, instance:SeleniumFramework.Tests.SubmitOrderTest@738dc9b]" started-at="2025-06-15T04:18:22 IST" name="tearDown" finished-at="2025-06-15T04:18:22 IST" duration-ms="65" status="PASS">
          <reporter-output>
          </reporter-output>
        </test-method> <!-- tearDown -->
        <test-method is-config="true" signature="launchApplication()[pri:0, instance:SeleniumFramework.Tests.SubmitOrderTest@738dc9b]" started-at="2025-06-15T04:18:22 IST" name="launchApplication" finished-at="2025-06-15T04:18:24 IST" duration-ms="2176" status="PASS">
          <reporter-output>
          </reporter-output>
        </test-method> <!-- launchApplication -->
        <test-method signature="orderHistoryTest()[pri:0, instance:SeleniumFramework.Tests.SubmitOrderTest@738dc9b]" started-at="2025-06-15T04:18:24 IST" name="orderHistoryTest" finished-at="2025-06-15T04:18:24 IST" depends-on-methods="SeleniumFramework.Tests.SubmitOrderTest.SubmitOrder" duration-ms="378" status="PASS">
          <reporter-output>
          </reporter-output>
        </test-method> <!-- orderHistoryTest -->
        <test-method is-config="true" signature="tearDown()[pri:0, instance:SeleniumFramework.Tests.SubmitOrderTest@738dc9b]" started-at="2025-06-15T04:18:24 IST" name="tearDown" finished-at="2025-06-15T04:18:25 IST" duration-ms="69" status="PASS">
          <reporter-output>
          </reporter-output>
        </test-method> <!-- tearDown -->
      </class> <!-- SeleniumFramework.Tests.SubmitOrderTest -->
    </test> <!-- Submit Order Test -->
  </suite> <!-- Suite -->
</testng-results>
