<?xml version="1.0" encoding="UTF-8"?>
<testng-results ignored="3" total="5" passed="2" failed="0" skipped="0">
  <reporter-output>
  </reporter-output>
  <suite started-at="2025-07-20T12:52:26 IST" name="Suite" finished-at="2025-07-20T12:52:58 IST" duration-ms="32120">
    <groups>
      <group name="Purchase">
        <method signature="SubmitOrderTest.SubmitOrder(java.util.HashMap)[pri:0, instance:SeleniumFramework.Tests.SubmitOrderTest@222545dc]" name="SubmitOrder" class="SeleniumFramework.Tests.SubmitOrderTest"/>
      </group> <!-- Purchase -->
    </groups>
    <test started-at="2025-07-20T12:52:26 IST" name="Error Validations Test" finished-at="2025-07-20T12:52:26 IST" duration-ms="4">
    </test> <!-- Error Validations Test -->
    <test started-at="2025-07-20T12:52:26 IST" name="Submit Order Test" finished-at="2025-07-20T12:52:58 IST" duration-ms="32120">
      <class name="SeleniumFramework.Tests.SubmitOrderTest">
        <test-method is-config="true" signature="launchApplication()[pri:0, instance:SeleniumFramework.Tests.SubmitOrderTest@222545dc]" started-at="2025-07-20T12:52:26 IST" name="launchApplication" finished-at="2025-07-20T12:52:30 IST" duration-ms="4135" status="PASS">
          <reporter-output>
          </reporter-output>
        </test-method> <!-- launchApplication -->
        <test-method signature="SubmitOrder(java.util.HashMap)[pri:0, instance:SeleniumFramework.Tests.SubmitOrderTest@222545dc]" started-at="2025-07-20T12:52:30 IST" name="SubmitOrder" data-provider="getData" finished-at="2025-07-20T12:52:44 IST" duration-ms="13585" status="PASS">
          <params>
            <param index="0">
              <value>
                <![CDATA[{Product=ZARA COAT 3, password=MorningStar@666, email=LuciferMorningStar@gmail.com}]]>
              </value>
            </param>
          </params>
          <reporter-output>
          </reporter-output>
        </test-method> <!-- SubmitOrder -->
        <test-method is-config="true" signature="tearDown()[pri:0, instance:SeleniumFramework.Tests.SubmitOrderTest@222545dc]" started-at="2025-07-20T12:52:44 IST" name="tearDown" finished-at="2025-07-20T12:52:44 IST" duration-ms="70" status="PASS">
          <reporter-output>
          </reporter-output>
        </test-method> <!-- tearDown -->
        <test-method is-config="true" signature="launchApplication()[pri:0, instance:SeleniumFramework.Tests.SubmitOrderTest@222545dc]" started-at="2025-07-20T12:52:44 IST" name="launchApplication" finished-at="2025-07-20T12:52:45 IST" duration-ms="1274" status="PASS">
          <reporter-output>
          </reporter-output>
        </test-method> <!-- launchApplication -->
        <test-method signature="SubmitOrder(java.util.HashMap)[pri:0, instance:SeleniumFramework.Tests.SubmitOrderTest@222545dc]" started-at="2025-07-20T12:52:45 IST" name="SubmitOrder" data-provider="getData" finished-at="2025-07-20T12:52:58 IST" duration-ms="12892" status="PASS">
          <params>
            <param index="0">
              <value>
                <![CDATA[{Product=ADIDAS ORIGINAL, password=MorningStar@666, email=LuciferMorningStar02@gmail.com}]]>
              </value>
            </param>
          </params>
          <reporter-output>
          </reporter-output>
        </test-method> <!-- SubmitOrder -->
        <test-method is-config="true" signature="tearDown()[pri:0, instance:SeleniumFramework.Tests.SubmitOrderTest@222545dc]" started-at="2025-07-20T12:52:58 IST" name="tearDown" finished-at="2025-07-20T12:52:58 IST" duration-ms="65" status="PASS">
          <reporter-output>
          </reporter-output>
        </test-method> <!-- tearDown -->
      </class> <!-- SeleniumFramework.Tests.SubmitOrderTest -->
    </test> <!-- Submit Order Test -->
  </suite> <!-- Suite -->
</testng-results>
